610411956570030111:43 [FAST CONNECT] connecting to: wss://gateway.discord.gg/?encoding=etf&v=9&compress=zlib-stream
610411956570030111:43 [FAST CONNECT] connected in 391ms
VM2414 C:\Users\jakem\AppData\Local\Discord\app-1.0.9017\modules\discord_desktop_core-1\discord_desktop_core\core.asar\app\node_modules\@sentry\utils\cjs\instrument.js:113 Initializing voice engine with audio subsystem: false
3ec345178a3bd5d85874.js:537 [DatabaseManager] active user changed (now: 498248765698867201, was: null, was: undefined)
3ec345178a3bd5d85874.js:537 [default] [BUILD INFO] Release Channel: stable, Build Number: 226220, Version Hash: 6d9560634f954866c255ab76a8fe5580e0ace6d6
3ec345178a3bd5d85874.js:537 [default] [NATIVE INFO] host 1.0.9017, modules: discord_modules: 1, discord_game_utils: 1, discord_voice: 1, discord_media: 1, discord_desktop_core: 1, discord_erlpack: 1, discord_hook: 1, discord_dispatch: 1, discord_utils: 1, discord_cloudsync: 1, discord_spellcheck: 1, discord_overlay2: 1, discord_rpc: 1, discord_krisp: 1, build: 36442
VM2414 C:\Users\jakem\AppData\Local\Discord\app-1.0.9017\modules\discord_desktop_core-1\discord_desktop_core\core.asar\app\node_modules\@sentry\utils\cjs\instrument.js:113 Initializing krisp module
3ec345178a3bd5d85874.js:537 [Spellchecker] Switching to en-GB (available)
3ec345178a3bd5d85874.js:537 [BetterDiscord] [Startup] Injecting BD Styles
3ec345178a3bd5d85874.js:537 [BetterDiscord] [Startup] Initializing DataStore
3ec345178a3bd5d85874.js:537 [BetterDiscord] [Startup] Initializing LocaleManager
3ec345178a3bd5d85874.js:537 [BetterDiscord] [Startup] Initializing Settings
3ec345178a3bd5d85874.js:537 [BetterDiscord] [Startup] Initializing DOMManager
3ec345178a3bd5d85874.js:537 [BetterDiscord] [Startup] Waiting for connection...
3ec345178a3bd5d85874.js:537 [ConnectionStore] Socket is reconnecting because of starting new session
3ec345178a3bd5d85874.js:537 [GatewaySocket] .connect() called, new state is WILL_RECONNECT
3ec345178a3bd5d85874.js:537 [GatewaySocket] Setting connection state to WILL_RECONNECT
3ec345178a3bd5d85874.js:537 [GatewaySocket] Setting connection state to CONNECTING
3ec345178a3bd5d85874.js:537 [GatewaySocket] [CONNECT] wss://gateway.discord.gg, encoding: etf, version: 9, compression: zlib-stream
3ec345178a3bd5d85874.js:537 [GatewaySocket] newOrTakeoverWebSocket()
3ec345178a3bd5d85874.js:537 [GatewaySocket] [FAST CONNECT] successfully took over websocket, state: {open: true, identify: false, gateway: 'wss://gateway.discord.gg/?encoding=etf&v=9&compress=zlib-stream', messages: Array(1)}gateway: "wss://gateway.discord.gg/?encoding=etf&v=9&compress=zlib-stream"identify: falsemessages: [MessageEvent]open: true[[Prototype]]: Object
3ec345178a3bd5d85874.js:537 [GatewaySocket] [CONNECTED] wss://gateway.discord.gg/?encoding=etf&v=9&compress=zlib-stream in 1 ms
3ec345178a3bd5d85874.js:537 [ConnectionStore] handleIdentify called {hasToken: true}
3ec345178a3bd5d85874.js:537 [GatewaySocket] Setting connection state to IDENTIFYING
3ec345178a3bd5d85874.js:537 [GatewaySocket] [IDENTIFY]
3ec345178a3bd5d85874.js:537 [GatewaySocket] [HELLO] via 
gateway-prd-us-east1-b-9b70: 0, heartbeat interval: 41250, took 7 ms
3ec345178a3bd5d85874.js:537 [GatewaySocket] [READY] took 1285ms, as 4a472eb55fa8584486a704df701b7c69 via 
gateway-prd-us-east1-b-9b70: 383.116
|  id_created: 1.385
|  session_lookup_time: 0.363
|  session_lookup_finished: 0.02
|  discord-sessions-prd-2-232: 353.059
|  |  start_session: 227.957
|  |  |  discord-api-645dfd885d-gxjf7: 200.338
|  |  |  |  get_user: 10.49
|  |  |  |  get_guilds: 53.359
|  |  |  |  user_settings_proto: 3.274
|  |  |  |  relationships: 88.674
|  |  |  |  friend_suggestion: 0.063
|  |  |  |  connections: 0.273
|  |  |  |  serialized_read_states: 0.006
|  |  |  |  pending_payments: 0.001
|  |  |  |  send_scheduled_deletion_message: 0.001
|  |  |  |  sanitize_premium_perks: 0.001
|  |  |  |  guild_join_requests: 0.001
|  |  |  |  broadcaster_user_ids: 0.001
|  |  |  |  user_guild_settings: 0.001
|  |  |  |  serialized_private_channels: 0.001
|  |  |  |  user_segments: 0.001
|  |  |  |  experiments: 11.507
|  |  |  |  affine_user_ids: 1.324
|  |  |  |  required_action: 0.003
|  |  |  |  authorized_ip_coro: 0.001
|  |  starting_guild_connect: 0.235
|  |  presence_started: 0.352
|  |  guilds_started: 3.759
|  |  guilds_connect: 78.735
|  |  presence_connect: 0.001
|  |  connect_finished: 78.769
|  |  build_ready: 24.272
|  |  clean_ready: 0.003
|  |  optimize_ready: 17.097
|  |  split_ready: 0.61
3ec345178a3bd5d85874.js:537 [GatewaySocket] Setting connection state to SESSION_ESTABLISHED
3ec345178a3bd5d85874.js:537 [Flux] Dispatching CONNECTION_OPEN
3ec345178a3bd5d85874.js:537 [AuthenticationStore] handleConnectionOpen called {tokenManagerHasToken: true, storageHasToken: true}
3ec345178a3bd5d85874.js:537 [DatabaseManager] removing database (user: 498248765698867201, database: undefined)
3ec345178a3bd5d85874.js:537 [DatabaseManager] added database (498248765698867201 → null)
3ec345178a3bd5d85874.js:537 [MessageActionCreators] Fetching messages for 610411956570030111 between undefined and undefined. jump={"jumpType":"ANIMATED"}
3ec345178a3bd5d85874.js:537 [ConnectionStore] Dispatched 1 messages in 132ms
3ec345178a3bd5d85874.js:537 [GatewaySocket] Updating resume url to wss://gateway-us-east1-b.discord.gg
3ec345178a3bd5d85874.js:537 [BetterDiscord] [Startup] Initializing Editor
3ec345178a3bd5d85874.js:537 [GatewaySocket] [READY_SUPPLEMENTAL] took 1505ms
3ec345178a3bd5d85874.js:537 [GatewaySocket] Setting connection state to SESSION_ESTABLISHED
3ec345178a3bd5d85874.js:537 [RPCServer:WSS] Starting on 6464
3ec345178a3bd5d85874.js:537 [MessageActionCreators] Fetched 50 messages for 610411956570030111 isBefore:false isAfter:false
3ec345178a3bd5d85874.js:537 Deprecated as of 10.7.0. highlight(lang, code, ...args) has been deprecated.
3ec345178a3bd5d85874.js:537 Deprecated as of 10.7.0. Please use highlight(code, options) instead.
https://github.com/highlightjs/highlight.js/issues/2277
3ec345178a3bd5d85874.js:537 [BetterDiscord] [Startup] Initializing Builtins
3ec345178a3bd5d85874.js:537 [BetterDiscord] [Custom CSS] Enabled
3ec345178a3bd5d85874.js:537 [BetterDiscord] [Custom CSS] Starting to watch content.
3ec345178a3bd5d85874.js:537 [BetterDiscord] [DebugLogs] Enabled
3ec345178a3bd5d85874.js:537 [BetterDiscord] [Debugger] Enabled
3ec345178a3bd5d85874.js:537 [BetterDiscord] [DevTools] Enabled
3ec345178a3bd5d85874.js:537 [BetterDiscord] [InspectElementHotkey] Enabled
3ec345178a3bd5d85874.js:537 [BetterDiscord] [StopDevToolsWarning] Enabled
3ec345178a3bd5d85874.js:537 [BetterDiscord] [Startup] Loading Plugins
3ec345178a3bd5d85874.js:537 [BDFDB] (v3.3.5) Loading Library
3ec345178a3bd5d85874.js:537 [BetterDiscord] [PluginManager] Starting to watch plugin addons.
3ec345178a3bd5d85874.js:537 [BetterDiscord] [Startup] Loading Themes
3ec345178a3bd5d85874.js:537 [BetterDiscord] [ThemeManager] Starting to watch theme addons.
3ec345178a3bd5d85874.js:537 [BetterDiscord] [Startup] Initializing Updater
3ec345178a3bd5d85874.js:537 [BetterDiscord] [Startup] Removing Loading Icon
3ec345178a3bd5d85874.js:537 [BetterDiscord] [Startup] Collecting Startup Errors
3ec345178a3bd5d85874.js:537 [Flux] Slow dispatch on GAMES_DATABASE_UPDATE: 464ms
3ec345178a3bd5d85874.js:537 [BDFDB] (v3.3.5) Finished loading Library
3ec345178a3bd5d85874.js:537 [PluginRepo] (v2.5.1) has been started
3ec345178a3bd5d85874.js:537 [Translator] (v2.5.8) has been started
3ec345178a3bd5d85874.js:537 [PluginRepo] (v2.5.1) Finished fetching Plugins
3ec345178a3bd5d85874.js:537 [RTCLatencyTestManager] RTC cached preferred region is seattle
3ec345178a3bd5d85874.js:537 [FetchBlockedDomain] Fetching blocked domain list
3ec345178a3bd5d85874.js:537 [FetchBlockedDomain] Server revision: 144, Client revision: 144
3ec345178a3bd5d85874.js:537 [Routing/Utils] transitionTo - Transitioning to /channels/166368546060894208/610411956570030111
3ec345178a3bd5d85874.js:537 [MessageActionCreators] Fetching messages for 852234849515077645 between undefined and undefined. jump={"jumpType":"ANIMATED"}
3ec345178a3bd5d85874.js:537 [Routing/Utils] transitionTo - Transitioning to /channels/852234849515077642/852234849515077645
3ec345178a3bd5d85874.js:537 [Routing/Utils] transitionTo - Transitioning to /channels/852234849515077642/852234849515077645
3ec345178a3bd5d85874.js:537 [MessageActionCreators] Fetched 50 messages for 852234849515077645 isBefore:false isAfter:false
3ec345178a3bd5d85874.js:537 [MessageQueue] Draining Message Queue with:  {type: 0, message: {…}}
3ec345178a3bd5d85874.js:537 [MessageQueue] Draining Message Queue with:  {type: 0, message: {…}}message: {channelId: '852234849515077645', content: 'also ur english', nonce: '1150610336760463360', tts: false, message_reference: undefined, …}type: 0[[Prototype]]: Object
